Using pre-set license
Built from '2020.3/staging' branch; Version is '2020.3.14f1 (d0d1bb862f9d) revision 13685179'; Using compiler version '192528614'; Build Type 'Release'
OS: 'Windows 10 Home Single Language; OS build 19043.1165; Version 2009; 64bit' Language: 'es' Physical Memory: 3977 MB
BatchMode: 1, IsHumanControllingUs: 0, StartBugReporterOnCrash: 0, Is64bit: 1, IsPro: 0

 COMMAND LINE ARGUMENTS:
C:\Program Files\Unity\Hub\Editor\2020.3.14f1\Editor\Unity.exe
-adb2
-batchMode
-noUpm
-name
AssetImportWorker9
-projectPath
C:/Users/la famili/Desktop/santiago-virtual-ar
-logFile
Logs/AssetImportWorker9.log
-srvPort
59652
Successfully changed project path to: C:/Users/la famili/Desktop/santiago-virtual-ar
C:/Users/la famili/Desktop/santiago-virtual-ar
Using Asset Import Pipeline V2.
Refreshing native plugins compatible for Editor in 558.57 ms, found 2 plugins.
Preloading 0 native plugins for Editor in 0.00 ms.
Initialize engine version: 2020.3.14f1 (d0d1bb862f9d)
[Subsystems] Discovering subsystems at path C:/Program Files/Unity/Hub/Editor/2020.3.14f1/Editor/Data/Resources/UnitySubsystems
[Subsystems] Discovering subsystems at path C:/Users/la famili/Desktop/santiago-virtual-ar/Assets
GfxDevice: creating device client; threaded=0
Direct3D:
    Version:  Direct3D 11.0 [level 11.0]
    Renderer: Intel(R) HD Graphics (ID=0xf31)
    Vendor:   
    VRAM:     128 MB
    Driver:   10.18.10.4276
Initialize mono
Mono path[0] = 'C:/Program Files/Unity/Hub/Editor/2020.3.14f1/Editor/Data/Managed'
Mono path[1] = 'C:/Program Files/Unity/Hub/Editor/2020.3.14f1/Editor/Data/MonoBleedingEdge/lib/mono/unityjit'
Mono config path = 'C:/Program Files/Unity/Hub/Editor/2020.3.14f1/Editor/Data/MonoBleedingEdge/etc'
Using monoOptions --debugger-agent=transport=dt_socket,embedding=1,server=y,suspend=n,address=127.0.0.1:56508
Begin MonoManager ReloadAssembly
Registering precompiled unity dll's ...
Register platform support module: C:/Program Files/Unity/Hub/Editor/2020.3.14f1/Editor/Data/PlaybackEngines/WindowsStandaloneSupport/UnityEditor.WindowsStandalone.Extensions.dll
Registered in 0.016509 seconds.
Native extension for WindowsStandalone target not found
Refreshing native plugins compatible for Editor in 180.85 ms, found 2 plugins.
Preloading 0 native plugins for Editor in 0.00 ms.
Mono: successfully reloaded assembly
- Completed reload, in 10.066 seconds
Domain Reload Profiling:
	ReloadAssembly (10067ms)
		BeginReloadAssembly (298ms)
			ExecutionOrderSort (0ms)
			DisableScriptedObjects (0ms)
			BackupInstance (0ms)
			ReleaseScriptingObjects (0ms)
			CreateAndSetChildDomain (3ms)
		EndReloadAssembly (2544ms)
			LoadAssemblies (275ms)
			RebuildTransferFunctionScriptingTraits (0ms)
			SetupTypeCache (1202ms)
			ReleaseScriptCaches (0ms)
			RebuildScriptCaches (136ms)
			SetupLoadedEditorAssemblies (718ms)
				LogAssemblyErrors (0ms)
				InitializePlatformSupportModulesInManaged (15ms)
				SetLoadedEditorAssemblies (1ms)
				RefreshPlugins (181ms)
				BeforeProcessingInitializeOnLoad (51ms)
				ProcessInitializeOnLoadAttributes (349ms)
				ProcessInitializeOnLoadMethodAttributes (120ms)
				AfterProcessingInitializeOnLoad (0ms)
				EditorAssembliesLoaded (1ms)
			ExecutionOrderSort2 (0ms)
			AwakeInstancesAfterBackupRestoration (0ms)
Platform modules already initialized, skipping
Registering precompiled user dll's ...
Registered in 0.035334 seconds.
Begin MonoManager ReloadAssembly
Native extension for WindowsStandalone target not found
Refreshing native plugins compatible for Editor in 150.88 ms, found 2 plugins.
Preloading 0 native plugins for Editor in 0.00 ms.
Mono: successfully reloaded assembly
- Completed reload, in  7.699 seconds
Domain Reload Profiling:
	ReloadAssembly (7749ms)
		BeginReloadAssembly (732ms)
			ExecutionOrderSort (0ms)
			DisableScriptedObjects (20ms)
			BackupInstance (0ms)
			ReleaseScriptingObjects (0ms)
			CreateAndSetChildDomain (55ms)
		EndReloadAssembly (6652ms)
			LoadAssemblies (2316ms)
			RebuildTransferFunctionScriptingTraits (0ms)
			SetupTypeCache (1378ms)
			ReleaseScriptCaches (1ms)
			RebuildScriptCaches (213ms)
			SetupLoadedEditorAssemblies (2119ms)
				LogAssemblyErrors (0ms)
				InitializePlatformSupportModulesInManaged (17ms)
				SetLoadedEditorAssemblies (1ms)
				RefreshPlugins (151ms)
				BeforeProcessingInitializeOnLoad (491ms)
				ProcessInitializeOnLoadAttributes (1375ms)
				ProcessInitializeOnLoadMethodAttributes (18ms)
				AfterProcessingInitializeOnLoad (65ms)
				EditorAssembliesLoaded (1ms)
			ExecutionOrderSort2 (0ms)
			AwakeInstancesAfterBackupRestoration (25ms)
Platform modules already initialized, skipping
========================================================================
Worker process is ready to serve import requests
Launched and connected shader compiler UnityShaderCompiler.exe after 1.22 seconds
Refreshing native plugins compatible for Editor in 1.73 ms, found 2 plugins.
Preloading 0 native plugins for Editor in 0.00 ms.
Unloading 1838 Unused Serialized files (Serialized files now loaded: 0)
System memory in use before: 80.9 MB.
System memory in use after: 81.0 MB.

Unloading 21 unused Assets to reduce memory usage. Loaded Objects now: 2271.
Total: 7.657200 ms (FindLiveObjects: 0.603900 ms CreateObjectMapping: 0.188100 ms MarkObjects: 6.588700 ms  DeleteObjects: 0.273100 ms)

AssetImportParameters requested are different than current active one (requested -> active):
  custom:framework-win-MediaFoundation: 216162199b28c13a410421893ffa2e32 -> 
  custom:video-decoder-ogg-theora: a1e56fd34408186e4bbccfd4996cb3dc -> 
  custom:container-muxer-webm: aa71ff27fc2769a1b78a27578f13a17b -> 
  custom:container-demuxer-webm: 4f35f7cbe854078d1ac9338744f61a02 -> 
  custom:container-demuxer-ogg: 62fdf1f143b41e24485cea50d1cbac27 -> 
  custom:video-encoder-webm-vp8: eb34c28f22e8b96e1ab97ce403110664 -> 
  custom:video-decoder-webm-vp8: 9c59270c3fd7afecdb556c50c9e8de78 -> 
  custom:audio-decoder-ogg-vorbis: bf7c407c2cedff20999df2af8eb42d56 -> 
  custom:audio-encoder-webm-vorbis: bf7c407c2cedff20999df2af8eb42d56 -> 
========================================================================
Received Import Request.
  path: Assets/Scenes/UI scene - Marie.unity
  artifactKey: Guid(f63f7f56612fb5047a0bbde148e32235) Importer(815301076,1909f56bfc062723c751e8b465ee728b)
Start importing Assets/Scenes/UI scene - Marie.unity using Guid(f63f7f56612fb5047a0bbde148e32235) Importer(815301076,1909f56bfc062723c751e8b465ee728b)  -> (artifact id: '6ae936e75cd14b1a52a75aff95ce95f6') in 0.235816 seconds 
  Import took 0.244379 seconds .

========================================================================
Received Import Request.
  Time since last request: 0.000669 seconds.
  path: Assets/Scenes
  artifactKey: Guid(2804b84e4edc6447aaf7491cc3a68a5c) Importer(815301076,1909f56bfc062723c751e8b465ee728b)
Start importing Assets/Scenes using Guid(2804b84e4edc6447aaf7491cc3a68a5c) Importer(815301076,1909f56bfc062723c751e8b465ee728b)  -> (artifact id: '14e75e7268a570f85f49c0ea45cd73de') in 0.020635 seconds 
  Import took 0.028719 seconds .

========================================================================
Received Prepare
Refreshing native plugins compatible for Editor in 712.65 ms, found 2 plugins.
Preloading 0 native plugins for Editor in 0.00 ms.
Unloading 13 Unused Serialized files (Serialized files now loaded: 0)
System memory in use before: 43.3 MB.
System memory in use after: 43.4 MB.

Unloading 13 unused Assets to reduce memory usage. Loaded Objects now: 2271.
Total: 100.843100 ms (FindLiveObjects: 0.678700 ms CreateObjectMapping: 0.210600 ms MarkObjects: 99.794400 ms  DeleteObjects: 0.154300 ms)

AssetImportParameters requested are different than current active one (requested -> active):
  custom:framework-win-MediaFoundation: 216162199b28c13a410421893ffa2e32 -> 
  custom:video-decoder-ogg-theora: a1e56fd34408186e4bbccfd4996cb3dc -> 
  custom:container-muxer-webm: aa71ff27fc2769a1b78a27578f13a17b -> 
  custom:container-demuxer-webm: 4f35f7cbe854078d1ac9338744f61a02 -> 
  custom:container-demuxer-ogg: 62fdf1f143b41e24485cea50d1cbac27 -> 
  custom:video-encoder-webm-vp8: eb34c28f22e8b96e1ab97ce403110664 -> 
  custom:video-decoder-webm-vp8: 9c59270c3fd7afecdb556c50c9e8de78 -> 
  custom:audio-decoder-ogg-vorbis: bf7c407c2cedff20999df2af8eb42d56 -> 
  custom:audio-encoder-webm-vorbis: bf7c407c2cedff20999df2af8eb42d56 -> 
========================================================================
Received Prepare
Refreshing native plugins compatible for Editor in 1270.79 ms, found 2 plugins.
Preloading 0 native plugins for Editor in 0.00 ms.
Unloading 13 Unused Serialized files (Serialized files now loaded: 0)
System memory in use before: 43.3 MB.
System memory in use after: 43.4 MB.

Unloading 12 unused Assets to reduce memory usage. Loaded Objects now: 2272.
Total: 993.922100 ms (FindLiveObjects: 1.306100 ms CreateObjectMapping: 0.214700 ms MarkObjects: 992.286500 ms  DeleteObjects: 0.104900 ms)

AssetImportParameters requested are different than current active one (requested -> active):
  custom:framework-win-MediaFoundation: 216162199b28c13a410421893ffa2e32 -> 
  custom:video-decoder-ogg-theora: a1e56fd34408186e4bbccfd4996cb3dc -> 
  custom:container-muxer-webm: aa71ff27fc2769a1b78a27578f13a17b -> 
  custom:container-demuxer-webm: 4f35f7cbe854078d1ac9338744f61a02 -> 
  custom:container-demuxer-ogg: 62fdf1f143b41e24485cea50d1cbac27 -> 
  custom:video-encoder-webm-vp8: eb34c28f22e8b96e1ab97ce403110664 -> 
  custom:video-decoder-webm-vp8: 9c59270c3fd7afecdb556c50c9e8de78 -> 
  custom:audio-decoder-ogg-vorbis: bf7c407c2cedff20999df2af8eb42d56 -> 
  custom:audio-encoder-webm-vorbis: bf7c407c2cedff20999df2af8eb42d56 -> 
========================================================================
Received Import Request.
  Time since last request: 39937.993892 seconds.
  path: Assets/Monumento .fbx 1.fbx 13.fbx
  artifactKey: Guid(d0423320c172223479daadfc757afb9d) Importer(815301076,1909f56bfc062723c751e8b465ee728b)
Start importing Assets/Monumento .fbx 1.fbx 13.fbx using Guid(d0423320c172223479daadfc757afb9d) Importer(815301076,1909f56bfc062723c751e8b465ee728b)  -> (artifact id: 'b7a6590ce6ab1d2f4556c268868cac37') in 96.300377 seconds 
  Import took 97.749699 seconds .

========================================================================
Received Import Request.
  Time since last request: 19.701500 seconds.
  path: Assets/Monumento .fbx 1.fbx 13.prefab
  artifactKey: Guid(ecdfb7545d8d315468094668bc5156df) Importer(815301076,1909f56bfc062723c751e8b465ee728b)
Start importing Assets/Monumento .fbx 1.fbx 13.prefab using Guid(ecdfb7545d8d315468094668bc5156df) Importer(815301076,1909f56bfc062723c751e8b465ee728b)  -> (artifact id: '7755307bb419411a0db7a00ea2efba3f') in 4.390132 seconds 
  Import took 4.414839 seconds .

========================================================================
Received Import Request.
  Time since last request: 636.823977 seconds.
  path: Assets/Font/Poppins-Black SDF.asset
  artifactKey: Guid(30627c5406d2b4a4f88e6fac3482c462) Importer(815301076,1909f56bfc062723c751e8b465ee728b)
Start importing Assets/Font/Poppins-Black SDF.asset using Guid(30627c5406d2b4a4f88e6fac3482c462) Importer(815301076,1909f56bfc062723c751e8b465ee728b)  -> (artifact id: 'fd797117ed6dbf6b289a83248ff9d5eb') in 2.963603 seconds 
  Import took 3.022704 seconds .

========================================================================
Received Import Request.
  Time since last request: 0.000847 seconds.
  path: Assets/Font/Poppins-Medium SDF.asset
  artifactKey: Guid(1b515d421176d074eb31dde4a49af856) Importer(815301076,1909f56bfc062723c751e8b465ee728b)
Start importing Assets/Font/Poppins-Medium SDF.asset using Guid(1b515d421176d074eb31dde4a49af856) Importer(815301076,1909f56bfc062723c751e8b465ee728b)  -> (artifact id: '491fec858fdf79ddb48a97c605b62ab2') in 0.259284 seconds 
  Import took 0.268043 seconds .

========================================================================
Received Import Request.
  Time since last request: 0.000801 seconds.
  path: Assets/Font/Poppins-Bold.otf
  artifactKey: Guid(8f854c2d5605f3d4ca3f0987a24af23e) Importer(815301076,1909f56bfc062723c751e8b465ee728b)
Start importing Assets/Font/Poppins-Bold.otf using Guid(8f854c2d5605f3d4ca3f0987a24af23e) Importer(815301076,1909f56bfc062723c751e8b465ee728b)  -> (artifact id: 'eeaa113a87741ef5f01bd6400b21df3a') in 2.850932 seconds 
  Import took 2.919599 seconds .

========================================================================
Received Import Request.
  Time since last request: 0.136912 seconds.
  path: Assets/Font/Poppins-Medium.otf
  artifactKey: Guid(d64d17126d1d4044d9e8a4ccc8ee1415) Importer(815301076,1909f56bfc062723c751e8b465ee728b)
Start importing Assets/Font/Poppins-Medium.otf using Guid(d64d17126d1d4044d9e8a4ccc8ee1415) Importer(815301076,1909f56bfc062723c751e8b465ee728b)  -> (artifact id: '01cc177db71ab78f309bf9e489531961') in 0.104692 seconds 
  Import took 0.132205 seconds .

========================================================================
Received Import Request.
  Time since last request: 0.000941 seconds.
  path: Assets/Font
  artifactKey: Guid(dd804e4f693b1934183ee6c04592d9ab) Importer(815301076,1909f56bfc062723c751e8b465ee728b)
Start importing Assets/Font using Guid(dd804e4f693b1934183ee6c04592d9ab) Importer(815301076,1909f56bfc062723c751e8b465ee728b)  -> (artifact id: '1a21157a39936d600666a50c733599fd') in 0.067000 seconds 
  Import took 0.675290 seconds .

========================================================================
Received Import Request.
  Time since last request: 1.959222 seconds.
  path: Assets/Font/Poppins-SemiBold SDF.asset
  artifactKey: Guid(e6d6cdf962cc2be4d8bf13f8bd5f9ec5) Importer(815301076,1909f56bfc062723c751e8b465ee728b)
Start importing Assets/Font/Poppins-SemiBold SDF.asset using Guid(e6d6cdf962cc2be4d8bf13f8bd5f9ec5) Importer(815301076,1909f56bfc062723c751e8b465ee728b)  -> (artifact id: '1f982be598f96fa34e62bc0317701ed9') in 0.755437 seconds 
  Import took 0.784476 seconds .

========================================================================
Received Import Request.
  Time since last request: 0.000914 seconds.
  path: Assets/Font/Poppins-Regular SDF.asset
  artifactKey: Guid(57e5dd9edf01a8c4fbc986beacee3bb3) Importer(815301076,1909f56bfc062723c751e8b465ee728b)
Start importing Assets/Font/Poppins-Regular SDF.asset using Guid(57e5dd9edf01a8c4fbc986beacee3bb3) Importer(815301076,1909f56bfc062723c751e8b465ee728b)  -> (artifact id: '049bfc4c674c6e1ec609dfd75347d23a') in 2.116877 seconds 
  Import took 2.336976 seconds .

========================================================================
Received Import Request.
  Time since last request: 0.000677 seconds.
  path: Assets/Font/Poppins-SemiBold.otf
  artifactKey: Guid(6a46f42161ff4a04e9a2841ae05307f9) Importer(815301076,1909f56bfc062723c751e8b465ee728b)
Start importing Assets/Font/Poppins-SemiBold.otf using Guid(6a46f42161ff4a04e9a2841ae05307f9) Importer(815301076,1909f56bfc062723c751e8b465ee728b)  -> (artifact id: '6e9832782e993335c59d4a41c3387a76') in 0.168070 seconds 
  Import took 0.184355 seconds .

========================================================================
Received Import Request.
  Time since last request: 0.000962 seconds.
  path: Assets/Font/Poppins-Regular.otf
  artifactKey: Guid(b6a8244af40e3be498b9b6ba98f2a1d7) Importer(815301076,1909f56bfc062723c751e8b465ee728b)
Start importing Assets/Font/Poppins-Regular.otf using Guid(b6a8244af40e3be498b9b6ba98f2a1d7) Importer(815301076,1909f56bfc062723c751e8b465ee728b)  -> (artifact id: '1fe3794a6f5c0885382c3cbcdb6a3227') in 0.181194 seconds 
  Import took 0.190271 seconds .

========================================================================
Received Import Request.
  Time since last request: 0.001240 seconds.
  path: Assets/Font/Poppins-Black.otf
  artifactKey: Guid(9fddcdca9b7370e49aa93ec42b605583) Importer(815301076,1909f56bfc062723c751e8b465ee728b)
Start importing Assets/Font/Poppins-Black.otf using Guid(9fddcdca9b7370e49aa93ec42b605583) Importer(815301076,1909f56bfc062723c751e8b465ee728b)  -> (artifact id: '2878f13d37aae8642983bcd5d8be890a') in 0.185037 seconds 
  Import took 0.214194 seconds .

========================================================================
Received Import Request.
  Time since last request: 0.000691 seconds.
  path: Assets/StreamingAssets
  artifactKey: Guid(a06a87a9d5e0ae747982cfd523983fd0) Importer(815301076,1909f56bfc062723c751e8b465ee728b)
Start importing Assets/StreamingAssets using Guid(a06a87a9d5e0ae747982cfd523983fd0) Importer(815301076,1909f56bfc062723c751e8b465ee728b)  -> (artifact id: '8a0ac02c42b4bd563d815bc241ba85d3') in 0.105729 seconds 
  Import took 0.198694 seconds .

========================================================================
Received Import Request.
  Time since last request: 0.572309 seconds.
  path: Assets/Font/Poppins-Bold SDF.asset
  artifactKey: Guid(f03a1ae86e975e940be155aa7eb179c7) Importer(815301076,1909f56bfc062723c751e8b465ee728b)
Start importing Assets/Font/Poppins-Bold SDF.asset using Guid(f03a1ae86e975e940be155aa7eb179c7) Importer(815301076,1909f56bfc062723c751e8b465ee728b)  -> (artifact id: '173e6aacd2680e4fc504453bf3817d4e') in 1.863662 seconds 
  Import took 1.894966 seconds .

========================================================================
Received Import Request.
  Time since last request: 0.000901 seconds.
  path: Assets/UI elementos/línea-divisora-pantalla-datos-curiosos.png
  artifactKey: Guid(a8c99864c1a20a54ab0619497ea96338) Importer(815301076,1909f56bfc062723c751e8b465ee728b)
Start importing Assets/UI elementos/línea-divisora-pantalla-datos-curiosos.png using Guid(a8c99864c1a20a54ab0619497ea96338) Importer(815301076,1909f56bfc062723c751e8b465ee728b)  -> (artifact id: 'b55a2acf8f2ae0b91a5c010709f85e72') in 3.680746 seconds 
  Import took 3.853292 seconds .

========================================================================
Received Import Request.
  Time since last request: 0.000691 seconds.
  path: Assets/UI elementos/Relieve Rep dom Completo - Modelo 3D.png
  artifactKey: Guid(cccd96b9b0ba50b478b80e57d85803cc) Importer(815301076,1909f56bfc062723c751e8b465ee728b)
Start importing Assets/UI elementos/Relieve Rep dom Completo - Modelo 3D.png using Guid(cccd96b9b0ba50b478b80e57d85803cc) Importer(815301076,1909f56bfc062723c751e8b465ee728b)  -> (artifact id: 'd264d37685e870613ea39f6149b7bc02') in 2.428559 seconds 
  Import took 2.489888 seconds .

========================================================================
Received Import Request.
  Time since last request: 0.000914 seconds.
  path: Assets/UI elementos/Relieve Santiago - Modelo 3D.png
  artifactKey: Guid(e943c1efecb1506439a4ebde0504783f) Importer(815301076,1909f56bfc062723c751e8b465ee728b)
Start importing Assets/UI elementos/Relieve Santiago - Modelo 3D.png using Guid(e943c1efecb1506439a4ebde0504783f) Importer(815301076,1909f56bfc062723c751e8b465ee728b)  -> (artifact id: '4d272dc238b7b82baee261f57593e855') in 2.161521 seconds 
  Import took 2.478006 seconds .

========================================================================
Received Import Request.
  Time since last request: 0.001081 seconds.
  path: Assets/UI elementos/estadio_Cibao 1.png
  artifactKey: Guid(0257fba913281f44fa9384ebe3f9f3b2) Importer(815301076,1909f56bfc062723c751e8b465ee728b)
Start importing Assets/UI elementos/estadio_Cibao 1.png using Guid(0257fba913281f44fa9384ebe3f9f3b2) Importer(815301076,1909f56bfc062723c751e8b465ee728b)  -> (artifact id: '1ebb855d62d29400deb3f187e1b587b3') in 5.040489 seconds 
  Import took 5.086265 seconds .

========================================================================
Received Import Request.
  Time since last request: 0.000939 seconds.
  path: Assets/UI elementos/Group 6.png
  artifactKey: Guid(0d03ec35a8448d84fa029746f3c46996) Importer(815301076,1909f56bfc062723c751e8b465ee728b)
Start importing Assets/UI elementos/Group 6.png using Guid(0d03ec35a8448d84fa029746f3c46996) Importer(815301076,1909f56bfc062723c751e8b465ee728b)  -> (artifact id: '2bf093b7c5324ce54223c9e2989e04e0') in 0.428802 seconds 
  Import took 0.438429 seconds .

========================================================================
Received Import Request.
  Time since last request: 0.000754 seconds.
  path: Assets/UI elementos/header-imagenes-pantalla-interaccion-botones-con-sombra.png
  artifactKey: Guid(8cc86e44e10e25b44a2345ab3ca1566d) Importer(815301076,1909f56bfc062723c751e8b465ee728b)
Start importing Assets/UI elementos/header-imagenes-pantalla-interaccion-botones-con-sombra.png using Guid(8cc86e44e10e25b44a2345ab3ca1566d) Importer(815301076,1909f56bfc062723c751e8b465ee728b)  -> (artifact id: 'c6c8da66623d6e596accab5c0842ecd8') in 2.700004 seconds 
  Import took 2.742569 seconds .

========================================================================
Received Import Request.
  Time since last request: 0.000892 seconds.
  path: Assets/UI elementos/Colores necesarios para el maquetado.txt
  artifactKey: Guid(b46d66fa4cee62148bfa557454966986) Importer(815301076,1909f56bfc062723c751e8b465ee728b)
Start importing Assets/UI elementos/Colores necesarios para el maquetado.txt using Guid(b46d66fa4cee62148bfa557454966986) Importer(815301076,1909f56bfc062723c751e8b465ee728b)  -> (artifact id: '4226f236793e17309ab17b7835dfddc6') in 3.025429 seconds 
  Import took 3.165061 seconds .

========================================================================
Received Import Request.
  Time since last request: 0.001068 seconds.
  path: Assets/UI elementos/header-imagenes-pantalla-interaccion-botones-SIN-sombra.png
  artifactKey: Guid(d88fa50ed3f490142893362cab7a1a6b) Importer(815301076,1909f56bfc062723c751e8b465ee728b)
Start importing Assets/UI elementos/header-imagenes-pantalla-interaccion-botones-SIN-sombra.png using Guid(d88fa50ed3f490142893362cab7a1a6b) Importer(815301076,1909f56bfc062723c751e8b465ee728b)  -> (artifact id: '0517f18082ee4752ea35ee3447cf5707') in 0.388080 seconds 
  Import took 0.454249 seconds .

========================================================================
Received Import Request.
  Time since last request: 0.002741 seconds.
  path: Assets/UI elementos/circulo-deco-pantalla-interaccion-botones2.png
  artifactKey: Guid(fa903a80e0263eb4fbd9639ff97f58fc) Importer(815301076,1909f56bfc062723c751e8b465ee728b)
Start importing Assets/UI elementos/circulo-deco-pantalla-interaccion-botones2.png using Guid(fa903a80e0263eb4fbd9639ff97f58fc) Importer(815301076,1909f56bfc062723c751e8b465ee728b)  -> (artifact id: '5e0c7868519ec3b14159dbfc8df35ef7') in 2.947977 seconds 
  Import took 3.076471 seconds .

========================================================================
Received Import Request.
  Time since last request: 0.000981 seconds.
  path: Assets/UI elementos/body-pantalla-modelo-seleccionado.png
  artifactKey: Guid(39024ca170897f541afab7ac6bc6a9ed) Importer(815301076,1909f56bfc062723c751e8b465ee728b)
Start importing Assets/UI elementos/body-pantalla-modelo-seleccionado.png using Guid(39024ca170897f541afab7ac6bc6a9ed) Importer(815301076,1909f56bfc062723c751e8b465ee728b)  -> (artifact id: '5d85595e76dfb75fa9952826ebbc4606') in 0.487835 seconds 
  Import took 2.540092 seconds .

========================================================================
Received Import Request.
  Time since last request: 0.000800 seconds.
  path: Assets/UI elementos/Relieve Rep dom - Modelo 3D.png
  artifactKey: Guid(f5c8b8cf8c95bff4695b9e31d21baeff) Importer(815301076,1909f56bfc062723c751e8b465ee728b)
Start importing Assets/UI elementos/Relieve Rep dom - Modelo 3D.png using Guid(f5c8b8cf8c95bff4695b9e31d21baeff) Importer(815301076,1909f56bfc062723c751e8b465ee728b)  -> (artifact id: '1e845ebbe24837565c35d06bcf90e180') in 0.581941 seconds 
  Import took 0.590840 seconds .

========================================================================
Received Import Request.
  Time since last request: 0.000221 seconds.
  path: Assets/UI elementos/Front_estadio_Cibao.png
  artifactKey: Guid(a59ab19e4d9705d42a7ac345560bd692) Importer(815301076,1909f56bfc062723c751e8b465ee728b)
Start importing Assets/UI elementos/Front_estadio_Cibao.png using Guid(a59ab19e4d9705d42a7ac345560bd692) Importer(815301076,1909f56bfc062723c751e8b465ee728b)  -> (artifact id: 'c4cf38e2bf4a4fff7cde87a11fafe8a6') in 3.139926 seconds 
  Import took 3.173413 seconds .

========================================================================
Received Import Request.
  Time since last request: 0.000787 seconds.
  path: Assets/UI elementos/body-datos-curiosos.png
  artifactKey: Guid(b7517a35c5d537e48a086d48f68862da) Importer(815301076,1909f56bfc062723c751e8b465ee728b)
Start importing Assets/UI elementos/body-datos-curiosos.png using Guid(b7517a35c5d537e48a086d48f68862da) Importer(815301076,1909f56bfc062723c751e8b465ee728b)  -> (artifact id: '7a83793495f189ef9eb293cd304cbea4') in 3.733716 seconds 
  Import took 3.821405 seconds .

========================================================================
Received Import Request.
  Time since last request: 0.000952 seconds.
  path: Assets/UI elementos/body-pantalla-interaccion-botones.png
  artifactKey: Guid(1a0997c3c9b18294e89a255c73a5113e) Importer(815301076,1909f56bfc062723c751e8b465ee728b)
Start importing Assets/UI elementos/body-pantalla-interaccion-botones.png using Guid(1a0997c3c9b18294e89a255c73a5113e) Importer(815301076,1909f56bfc062723c751e8b465ee728b)  -> (artifact id: '457dd65a9c761ceea0a26e9d5eb7b0d4') in 4.116075 seconds 
  Import took 4.245842 seconds .

========================================================================
Received Import Request.
  Time since last request: 0.000767 seconds.
  path: Assets/UI elementos/fondo-imagen-pantalla-inicio.png
  artifactKey: Guid(cc5cc20ba868b6b4da084977f5cfdcb9) Importer(815301076,1909f56bfc062723c751e8b465ee728b)
Start importing Assets/UI elementos/fondo-imagen-pantalla-inicio.png using Guid(cc5cc20ba868b6b4da084977f5cfdcb9) Importer(815301076,1909f56bfc062723c751e8b465ee728b)  -> (artifact id: 'bcce8f8c5a200ae698c33dc4c7054cc4') in 0.850384 seconds 
  Import took 0.918375 seconds .

========================================================================
Received Import Request.
  Time since last request: 0.060489 seconds.
  path: Assets/UI elementos/fondo-oscuro-pantalla-datos-curiosos.png
  artifactKey: Guid(a9665ebe2b791434389c5284efdd696c) Importer(815301076,1909f56bfc062723c751e8b465ee728b)
Start importing Assets/UI elementos/fondo-oscuro-pantalla-datos-curiosos.png using Guid(a9665ebe2b791434389c5284efdd696c) Importer(815301076,1909f56bfc062723c751e8b465ee728b)  -> (artifact id: '6dc77ade5ae79e5a6a5002ddd61f8c4f') in 3.996773 seconds 
  Import took 4.079766 seconds .

========================================================================
Received Import Request.
  Time since last request: 0.001590 seconds.
  path: Assets/UI elementos/circulo-deco-pantalla-interaccion-botones.png
  artifactKey: Guid(ae693ae9503cf7043b17eb6899a0867b) Importer(815301076,1909f56bfc062723c751e8b465ee728b)
Start importing Assets/UI elementos/circulo-deco-pantalla-interaccion-botones.png using Guid(ae693ae9503cf7043b17eb6899a0867b) Importer(815301076,1909f56bfc062723c751e8b465ee728b)  -> (artifact id: '692843ce12869ef60e1ca8e1e52ed76d') in 0.425213 seconds 
  Import took 0.629646 seconds .

========================================================================
Received Import Request.
  Time since last request: 0.000688 seconds.
  path: Assets/UI elementos
  artifactKey: Guid(f708867385fd68c41a1cf2698a7a5cce) Importer(815301076,1909f56bfc062723c751e8b465ee728b)
Start importing Assets/UI elementos using Guid(f708867385fd68c41a1cf2698a7a5cce) Importer(815301076,1909f56bfc062723c751e8b465ee728b)  -> (artifact id: '51ae0aad7bca64d4c229b0cedf2d6f4a') in 0.076347 seconds 
  Import took 0.156150 seconds .

========================================================================
Received Import Request.
  Time since last request: 0.000870 seconds.
  path: Assets/UI elementos/Front_estadio_Cibao (1).png
  artifactKey: Guid(a3502e6f12f0cd346b45ea7517c8f606) Importer(815301076,1909f56bfc062723c751e8b465ee728b)
Start importing Assets/UI elementos/Front_estadio_Cibao (1).png using Guid(a3502e6f12f0cd346b45ea7517c8f606) Importer(815301076,1909f56bfc062723c751e8b465ee728b)  -> (artifact id: '27ca6e86fb1630f891f5d8ec2c8de17b') in 2.453969 seconds 
  Import took 2.464923 seconds .

========================================================================
Received Prepare
Registering precompiled user dll's ...
Registered in 0.330940 seconds.
Begin MonoManager ReloadAssembly
Native extension for WindowsStandalone target not found
Refreshing native plugins compatible for Editor in 162.78 ms, found 2 plugins.
Preloading 0 native plugins for Editor in 0.00 ms.
Mono: successfully reloaded assembly
- Completed reload, in 234.340 seconds
Domain Reload Profiling:
	ReloadAssembly (236690ms)
		BeginReloadAssembly (156019ms)
			ExecutionOrderSort (0ms)
			DisableScriptedObjects (13035ms)
			BackupInstance (0ms)
			ReleaseScriptingObjects (1ms)
			CreateAndSetChildDomain (124491ms)
		EndReloadAssembly (75227ms)
			LoadAssemblies (24079ms)
			RebuildTransferFunctionScriptingTraits (79ms)
			SetupTypeCache (32697ms)
			ReleaseScriptCaches (7ms)
			RebuildScriptCaches (764ms)
			SetupLoadedEditorAssemblies (14568ms)
				LogAssemblyErrors (0ms)
				InitializePlatformSupportModulesInManaged (361ms)
				SetLoadedEditorAssemblies (817ms)
				RefreshPlugins (163ms)
				BeforeProcessingInitializeOnLoad (8114ms)
				ProcessInitializeOnLoadAttributes (5023ms)
				ProcessInitializeOnLoadMethodAttributes (18ms)
				AfterProcessingInitializeOnLoad (71ms)
				EditorAssembliesLoaded (1ms)
			ExecutionOrderSort2 (0ms)
			AwakeInstancesAfterBackupRestoration (38ms)
Platform modules already initialized, skipping
Switching build target platform(19) subTarget(0) extendedPlatform(0) -> platform(13) subTarget(589824) extendedPlatform(0)
Refreshing native plugins compatible for Editor in 1.53 ms, found 2 plugins.
Preloading 0 native plugins for Editor in 0.00 ms.
Unloading 1869 Unused Serialized files (Serialized files now loaded: 0)
System memory in use before: 87.4 MB.
System memory in use after: 87.5 MB.

Unloading 16 unused Assets to reduce memory usage. Loaded Objects now: 2392.
Total: 1229.298200 ms (FindLiveObjects: 93.098200 ms CreateObjectMapping: 0.435600 ms MarkObjects: 1135.601200 ms  DeleteObjects: 0.156900 ms)

AssetImportParameters requested are different than current active one (requested -> active):
  custom:framework-win-MediaFoundation: 216162199b28c13a410421893ffa2e32 -> 
  custom:video-decoder-ogg-theora: a1e56fd34408186e4bbccfd4996cb3dc -> 
  custom:container-muxer-webm: aa71ff27fc2769a1b78a27578f13a17b -> 
  custom:container-demuxer-webm: 4f35f7cbe854078d1ac9338744f61a02 -> 
  custom:container-demuxer-ogg: 62fdf1f143b41e24485cea50d1cbac27 -> 
  custom:video-encoder-webm-vp8: eb34c28f22e8b96e1ab97ce403110664 -> 
  custom:video-decoder-webm-vp8: 9c59270c3fd7afecdb556c50c9e8de78 -> 
  custom:graphics/normal-map-encoding: 01000000000000000000000000000000 -> 02000000000000000000000000000000
  custom:audio-decoder-ogg-vorbis: bf7c407c2cedff20999df2af8eb42d56 -> 
  custom:audio-encoder-webm-vorbis: bf7c407c2cedff20999df2af8eb42d56 -> 
========================================================================
Received Prepare
Registering precompiled user dll's ...
Registered in 0.234009 seconds.
Begin MonoManager ReloadAssembly
Native extension for WindowsStandalone target not found
Refreshing native plugins compatible for Editor in 6.50 ms, found 2 plugins.
Preloading 0 native plugins for Editor in 0.00 ms.
Mono: successfully reloaded assembly
- Completed reload, in 24.357 seconds
Domain Reload Profiling:
	ReloadAssembly (24615ms)
		BeginReloadAssembly (13094ms)
			ExecutionOrderSort (15ms)
			DisableScriptedObjects (1568ms)
			BackupInstance (0ms)
			ReleaseScriptingObjects (345ms)
			CreateAndSetChildDomain (6399ms)
		EndReloadAssembly (10473ms)
			LoadAssemblies (1947ms)
			RebuildTransferFunctionScriptingTraits (20ms)
			SetupTypeCache (2532ms)
			ReleaseScriptCaches (3ms)
			RebuildScriptCaches (324ms)
			SetupLoadedEditorAssemblies (4892ms)
				LogAssemblyErrors (0ms)
				InitializePlatformSupportModulesInManaged (75ms)
				SetLoadedEditorAssemblies (4ms)
				RefreshPlugins (7ms)
				BeforeProcessingInitializeOnLoad (1034ms)
				ProcessInitializeOnLoadAttributes (3641ms)
				ProcessInitializeOnLoadMethodAttributes (19ms)
				AfterProcessingInitializeOnLoad (100ms)
				EditorAssembliesLoaded (13ms)
			ExecutionOrderSort2 (0ms)
			AwakeInstancesAfterBackupRestoration (28ms)
Platform modules already initialized, skipping
Switching build target platform(19) subTarget(0) extendedPlatform(0) -> platform(13) subTarget(589824) extendedPlatform(0)
Refreshing native plugins compatible for Editor in 2.05 ms, found 2 plugins.
Preloading 0 native plugins for Editor in 0.00 ms.
Unloading 1869 Unused Serialized files (Serialized files now loaded: 0)
System memory in use before: 87.4 MB.
System memory in use after: 87.5 MB.

Unloading 15 unused Assets to reduce memory usage. Loaded Objects now: 2396.
Total: 357.467300 ms (FindLiveObjects: 0.755100 ms CreateObjectMapping: 0.209400 ms MarkObjects: 356.213900 ms  DeleteObjects: 0.284100 ms)

AssetImportParameters requested are different than current active one (requested -> active):
  custom:framework-win-MediaFoundation: 216162199b28c13a410421893ffa2e32 -> 
  custom:video-decoder-ogg-theora: a1e56fd34408186e4bbccfd4996cb3dc -> 
  custom:container-muxer-webm: aa71ff27fc2769a1b78a27578f13a17b -> 
  custom:container-demuxer-webm: 4f35f7cbe854078d1ac9338744f61a02 -> 
  custom:container-demuxer-ogg: 62fdf1f143b41e24485cea50d1cbac27 -> 
  custom:video-encoder-webm-vp8: eb34c28f22e8b96e1ab97ce403110664 -> 
  custom:video-decoder-webm-vp8: 9c59270c3fd7afecdb556c50c9e8de78 -> 
  custom:graphics/normal-map-encoding: 01000000000000000000000000000000 -> 02000000000000000000000000000000
  custom:audio-decoder-ogg-vorbis: bf7c407c2cedff20999df2af8eb42d56 -> 
  custom:audio-encoder-webm-vorbis: bf7c407c2cedff20999df2af8eb42d56 -> 
========================================================================
Received Import Request.
  Time since last request: 35333.133354 seconds.
  path: Assets/UI elementos/LA_AURORA (1).png
  artifactKey: Guid(e263dafbb3d40c7488f0f54ac2539c69) Importer(815301076,1909f56bfc062723c751e8b465ee728b)
Start importing Assets/UI elementos/LA_AURORA (1).png using Guid(e263dafbb3d40c7488f0f54ac2539c69) Importer(815301076,1909f56bfc062723c751e8b465ee728b)  -> (artifact id: '14e58ff147811b7805d5ed0324148833') in 41.045606 seconds 
  Import took 52.725192 seconds .

========================================================================
Received Import Request.
  Time since last request: 0.073550 seconds.
  path: Assets/UI elementos/Centro_Leon (1).png
  artifactKey: Guid(02ad31e9a6aea76489df349eea9fd36b) Importer(815301076,1909f56bfc062723c751e8b465ee728b)
Start importing Assets/UI elementos/Centro_Leon (1).png using Guid(02ad31e9a6aea76489df349eea9fd36b) Importer(815301076,1909f56bfc062723c751e8b465ee728b)  -> (artifact id: '778e4e885479f5e1da32d9007e652729') in 0.211750 seconds 
  Import took 0.387013 seconds .

========================================================================
Received Import Request.
  Time since last request: 0.000757 seconds.
  path: Assets/UI elementos/monumento (1).png
  artifactKey: Guid(f865d39bc715a0b4bab048666f44cc42) Importer(815301076,1909f56bfc062723c751e8b465ee728b)
Start importing Assets/UI elementos/monumento (1).png using Guid(f865d39bc715a0b4bab048666f44cc42) Importer(815301076,1909f56bfc062723c751e8b465ee728b)  -> (artifact id: 'e64972c59fbc4162ce3e815780b15f10') in 0.783721 seconds 
  Import took 3.187002 seconds .

========================================================================
Received Import Request.
  Time since last request: 44.148995 seconds.
  path: Assets/UI elementos/monumento (1).png
  artifactKey: Guid(f865d39bc715a0b4bab048666f44cc42) Importer(815301076,1909f56bfc062723c751e8b465ee728b)
Start importing Assets/UI elementos/monumento (1).png using Guid(f865d39bc715a0b4bab048666f44cc42) Importer(815301076,1909f56bfc062723c751e8b465ee728b)  -> (artifact id: '213729156044b56eeeed38c14d870931') in 7.602578 seconds 
  Import took 7.715147 seconds .

========================================================================
Received Import Request.
  Time since last request: 21.050993 seconds.
  path: Assets/UI elementos/LA_AURORA (1).png
  artifactKey: Guid(e263dafbb3d40c7488f0f54ac2539c69) Importer(815301076,1909f56bfc062723c751e8b465ee728b)
Start importing Assets/UI elementos/LA_AURORA (1).png using Guid(e263dafbb3d40c7488f0f54ac2539c69) Importer(815301076,1909f56bfc062723c751e8b465ee728b)  -> (artifact id: '08617b5a2fabecf900a558452162f630') in 0.364298 seconds 
  Import took 0.502344 seconds .

========================================================================
Received Import Request.
  Time since last request: 0.027591 seconds.
  path: Assets/UI elementos/LA_AURORA (1).png
  artifactKey: Guid(e263dafbb3d40c7488f0f54ac2539c69) Importer(815301076,1909f56bfc062723c751e8b465ee728b)
Start importing Assets/UI elementos/LA_AURORA (1).png using Guid(e263dafbb3d40c7488f0f54ac2539c69) Importer(815301076,1909f56bfc062723c751e8b465ee728b)  -> (artifact id: '08617b5a2fabecf900a558452162f630') in 0.325314 seconds 
  Import took 0.334481 seconds .

========================================================================
Received Import Request.
  Time since last request: 11.457696 seconds.
  path: Assets/UI elementos/Centro_Leon (1).png
  artifactKey: Guid(02ad31e9a6aea76489df349eea9fd36b) Importer(815301076,1909f56bfc062723c751e8b465ee728b)
Start importing Assets/UI elementos/Centro_Leon (1).png using Guid(02ad31e9a6aea76489df349eea9fd36b) Importer(815301076,1909f56bfc062723c751e8b465ee728b)  -> (artifact id: '9ea4ae1311b640879a8e2cfdff1b5226') in 1.593946 seconds 
  Import took 1.721545 seconds .

