Using pre-set license
Built from '2020.3/staging' branch; Version is '2020.3.14f1 (d0d1bb862f9d) revision 13685179'; Using compiler version '192528614'; Build Type 'Release'
OS: 'Windows 10 Home Single Language; OS build 19042.1110; Version 2009; 64bit' Language: 'es' Physical Memory: 32569 MB
BatchMode: 1, IsHumanControllingUs: 0, StartBugReporterOnCrash: 0, Is64bit: 1, IsPro: 0

 COMMAND LINE ARGUMENTS:
C:\Program Files\Unity\Hub\Editor\2020.3.14f1\Editor\Unity.exe
-adb2
-batchMode
-noUpm
-name
AssetImportWorker0
-projectPath
C:/Users/AVR 9/OneDrive/Documents/GitHub/santiagovirtualar
-logFile
Logs/AssetImportWorker0.log
-srvPort
58689
Successfully changed project path to: C:/Users/AVR 9/OneDrive/Documents/GitHub/santiagovirtualar
C:/Users/AVR 9/OneDrive/Documents/GitHub/santiagovirtualar
Using Asset Import Pipeline V2.
Refreshing native plugins compatible for Editor in 29.95 ms, found 2 plugins.
Preloading 0 native plugins for Editor in 0.00 ms.
Initialize engine version: 2020.3.14f1 (d0d1bb862f9d)
[Subsystems] Discovering subsystems at path C:/Program Files/Unity/Hub/Editor/2020.3.14f1/Editor/Data/Resources/UnitySubsystems
[Subsystems] Discovering subsystems at path C:/Users/AVR 9/OneDrive/Documents/GitHub/santiagovirtualar/Assets
GfxDevice: creating device client; threaded=0
Direct3D:
    Version:  Direct3D 11.0 [level 11.1]
    Renderer: NVIDIA GeForce RTX 2080 SUPER (ID=0x1e81)
    Vendor:   
    VRAM:     8010 MB
    Driver:   27.21.14.6137
Initialize mono
Mono path[0] = 'C:/Program Files/Unity/Hub/Editor/2020.3.14f1/Editor/Data/Managed'
Mono path[1] = 'C:/Program Files/Unity/Hub/Editor/2020.3.14f1/Editor/Data/MonoBleedingEdge/lib/mono/unityjit'
Mono config path = 'C:/Program Files/Unity/Hub/Editor/2020.3.14f1/Editor/Data/MonoBleedingEdge/etc'
Using monoOptions --debugger-agent=transport=dt_socket,embedding=1,server=y,suspend=n,address=127.0.0.1:56336
Begin MonoManager ReloadAssembly
Registering precompiled unity dll's ...
Register platform support module: C:/Program Files/Unity/Hub/Editor/2020.3.14f1/Editor/Data/PlaybackEngines/WebGLSupport/UnityEditor.WebGL.Extensions.dll
Register platform support module: C:/Program Files/Unity/Hub/Editor/2020.3.14f1/Editor/Data/PlaybackEngines/WindowsStandaloneSupport/UnityEditor.WindowsStandalone.Extensions.dll
Registered in 0.002011 seconds.
Native extension for WindowsStandalone target not found
Native extension for WebGL target not found
Refreshing native plugins compatible for Editor in 26.86 ms, found 2 plugins.
Preloading 0 native plugins for Editor in 0.00 ms.
Mono: successfully reloaded assembly
- Completed reload, in  1.582 seconds
Domain Reload Profiling:
	ReloadAssembly (1582ms)
		BeginReloadAssembly (44ms)
			ExecutionOrderSort (0ms)
			DisableScriptedObjects (0ms)
			BackupInstance (0ms)
			ReleaseScriptingObjects (0ms)
			CreateAndSetChildDomain (1ms)
		EndReloadAssembly (319ms)
			LoadAssemblies (42ms)
			RebuildTransferFunctionScriptingTraits (0ms)
			SetupTypeCache (117ms)
			ReleaseScriptCaches (0ms)
			RebuildScriptCaches (25ms)
			SetupLoadedEditorAssemblies (122ms)
				LogAssemblyErrors (0ms)
				InitializePlatformSupportModulesInManaged (4ms)
				SetLoadedEditorAssemblies (0ms)
				RefreshPlugins (27ms)
				BeforeProcessingInitializeOnLoad (11ms)
				ProcessInitializeOnLoadAttributes (60ms)
				ProcessInitializeOnLoadMethodAttributes (21ms)
				AfterProcessingInitializeOnLoad (0ms)
				EditorAssembliesLoaded (0ms)
			ExecutionOrderSort2 (0ms)
			AwakeInstancesAfterBackupRestoration (0ms)
Platform modules already initialized, skipping
Registering precompiled user dll's ...
Registered in 0.003311 seconds.
Begin MonoManager ReloadAssembly
Native extension for WindowsStandalone target not found
Native extension for WebGL target not found
Refreshing native plugins compatible for Editor in 26.14 ms, found 2 plugins.
Preloading 0 native plugins for Editor in 0.00 ms.
Mono: successfully reloaded assembly
- Completed reload, in  0.911 seconds
Domain Reload Profiling:
	ReloadAssembly (911ms)
		BeginReloadAssembly (114ms)
			ExecutionOrderSort (0ms)
			DisableScriptedObjects (4ms)
			BackupInstance (0ms)
			ReleaseScriptingObjects (0ms)
			CreateAndSetChildDomain (14ms)
		EndReloadAssembly (747ms)
			LoadAssemblies (72ms)
			RebuildTransferFunctionScriptingTraits (0ms)
			SetupTypeCache (212ms)
			ReleaseScriptCaches (0ms)
			RebuildScriptCaches (36ms)
			SetupLoadedEditorAssemblies (329ms)
				LogAssemblyErrors (0ms)
				InitializePlatformSupportModulesInManaged (4ms)
				SetLoadedEditorAssemblies (0ms)
				RefreshPlugins (26ms)
				BeforeProcessingInitializeOnLoad (82ms)
				ProcessInitializeOnLoadAttributes (208ms)
				ProcessInitializeOnLoadMethodAttributes (3ms)
				AfterProcessingInitializeOnLoad (6ms)
				EditorAssembliesLoaded (0ms)
			ExecutionOrderSort2 (0ms)
			AwakeInstancesAfterBackupRestoration (5ms)
Platform modules already initialized, skipping
========================================================================
Worker process is ready to serve import requests
Launched and connected shader compiler UnityShaderCompiler.exe after 0.03 seconds
Refreshing native plugins compatible for Editor in 0.35 ms, found 2 plugins.
Preloading 0 native plugins for Editor in 0.00 ms.
Unloading 1838 Unused Serialized files (Serialized files now loaded: 0)
System memory in use before: 80.8 MB.
System memory in use after: 80.9 MB.

Unloading 21 unused Assets to reduce memory usage. Loaded Objects now: 2272.
Total: 1.865400 ms (FindLiveObjects: 0.156400 ms CreateObjectMapping: 0.058600 ms MarkObjects: 1.591100 ms  DeleteObjects: 0.058700 ms)

AssetImportParameters requested are different than current active one (requested -> active):
  custom:framework-win-MediaFoundation: 216162199b28c13a410421893ffa2e32 -> 
  custom:video-decoder-ogg-theora: a1e56fd34408186e4bbccfd4996cb3dc -> 
  custom:container-muxer-webm: aa71ff27fc2769a1b78a27578f13a17b -> 
  custom:container-demuxer-webm: 4f35f7cbe854078d1ac9338744f61a02 -> 
  custom:container-demuxer-ogg: 62fdf1f143b41e24485cea50d1cbac27 -> 
  custom:video-encoder-webm-vp8: eb34c28f22e8b96e1ab97ce403110664 -> 
  custom:video-codec-MediaFoundation-h265: 746d11721c4dcdbdad8f713fa42b33f4 -> 
  custom:video-decoder-webm-vp8: 9c59270c3fd7afecdb556c50c9e8de78 -> 
  custom:audio-decoder-ogg-vorbis: bf7c407c2cedff20999df2af8eb42d56 -> 
  custom:audio-encoder-webm-vorbis: bf7c407c2cedff20999df2af8eb42d56 -> 
========================================================================
Received Import Request.
  path: Assets/Scenes/AR Inicial.unity
  artifactKey: Guid(5f38c47bcf33b47f6ad565c533743143) Importer(815301076,1909f56bfc062723c751e8b465ee728b)
Start importing Assets/Scenes/AR Inicial.unity using Guid(5f38c47bcf33b47f6ad565c533743143) Importer(815301076,1909f56bfc062723c751e8b465ee728b)  -> (artifact id: '368a3b5d8e37a6f526ad34e587dc2eab') in 0.010078 seconds 
  Import took 0.012210 seconds .

========================================================================
Received Import Request.
  Time since last request: 248.563457 seconds.
  path: Assets/Scenes/AR Inicial 1.unity
  artifactKey: Guid(839c19f4563935648bcdb96f12bc7b0e) Importer(815301076,1909f56bfc062723c751e8b465ee728b)
Start importing Assets/Scenes/AR Inicial 1.unity using Guid(839c19f4563935648bcdb96f12bc7b0e) Importer(815301076,1909f56bfc062723c751e8b465ee728b)  -> (artifact id: '82c496993b51838760a089b9880d853b') in 0.002002 seconds 
  Import took 0.004528 seconds .

========================================================================
Received Import Request.
  Time since last request: 10.171956 seconds.
  path: Assets/Scenes/Guseppe.unity
  artifactKey: Guid(839c19f4563935648bcdb96f12bc7b0e) Importer(815301076,1909f56bfc062723c751e8b465ee728b)
Start importing Assets/Scenes/Guseppe.unity using Guid(839c19f4563935648bcdb96f12bc7b0e) Importer(815301076,1909f56bfc062723c751e8b465ee728b)  -> (artifact id: '7a728069d0fb9684fc62fc67fe81b48f') in 0.001997 seconds 
  Import took 0.004108 seconds .

========================================================================
Received Import Request.
  Time since last request: 145.462385 seconds.
  path: Assets/Scenes/Guseppe UI Scene.unity
  artifactKey: Guid(839c19f4563935648bcdb96f12bc7b0e) Importer(815301076,1909f56bfc062723c751e8b465ee728b)
Start importing Assets/Scenes/Guseppe UI Scene.unity using Guid(839c19f4563935648bcdb96f12bc7b0e) Importer(815301076,1909f56bfc062723c751e8b465ee728b)  -> (artifact id: 'a2048c5e7d36d22f6c811208f5777cb6') in 0.001989 seconds 
  Import took 0.004110 seconds .

========================================================================
Received Import Request.
  Time since last request: 42.363967 seconds.
  path: Assets/Scenes/AR Inicial 1.unity
  artifactKey: Guid(e0b43bbd6d30e6b4ab0436fde91786cb) Importer(815301076,1909f56bfc062723c751e8b465ee728b)
Start importing Assets/Scenes/AR Inicial 1.unity using Guid(e0b43bbd6d30e6b4ab0436fde91786cb) Importer(815301076,1909f56bfc062723c751e8b465ee728b)  -> (artifact id: '70382faef22b626a08858cab570da9eb') in 0.001801 seconds 
  Import took 0.003944 seconds .

========================================================================
Received Import Request.
  Time since last request: 19.000786 seconds.
  path: Assets/Scenes/UI Scene Guseppe.unity
  artifactKey: Guid(e0b43bbd6d30e6b4ab0436fde91786cb) Importer(815301076,1909f56bfc062723c751e8b465ee728b)
Start importing Assets/Scenes/UI Scene Guseppe.unity using Guid(e0b43bbd6d30e6b4ab0436fde91786cb) Importer(815301076,1909f56bfc062723c751e8b465ee728b)  -> (artifact id: '9d84e0fd2d1b463c1d7c595a66b9d989') in 0.002010 seconds 
  Import took 0.004265 seconds .

AssetImportWorkerClient::OnTransportError - code=2 error=End of file
